2022-01-14T14:39:34.474533200Z -- Attaching packages --------------------------------------- tidyverse 1.3.0 --
2022-01-14T14:39:34.486718900Z v ggplot2 3.3.2     v purrr   0.3.4
2022-01-14T14:39:34.486763100Z v tibble  3.0.3     v dplyr   1.0.2
2022-01-14T14:39:34.486783800Z v tidyr   1.1.2     v stringr 1.4.0
2022-01-14T14:39:34.486810200Z v readr   1.3.1     v forcats 0.5.0
2022-01-14T14:39:34.684375000Z -- Conflicts ------------------------------------------ tidyverse_conflicts() --
2022-01-14T14:39:34.684450600Z x dplyr::filter() masks stats::filter()
2022-01-14T14:39:34.684481200Z x dplyr::lag()    masks stats::lag()
2022-01-14T14:39:34.711383100Z here() starts at /workspace
2022-01-14T14:39:34.735394200Z 
2022-01-14T14:39:34.735452400Z Attaching package: 'lubridate'
2022-01-14T14:39:34.735479500Z 
2022-01-14T14:39:34.736807600Z The following objects are masked from 'package:base':
2022-01-14T14:39:34.736866600Z 
2022-01-14T14:39:34.736899700Z     date, intersect, setdiff, union
2022-01-14T14:39:34.736932800Z 


state: succeeded
docker_image_id: sha256:23899c8faa547d2ac5069f821634c89f2155a15b51fc5996b621799368700a89
job_id: ceqysbolp4ov7f4j
run_by_user: epp11
created_at: 2022-01-14T14:38:20Z
completed_at: 2022-01-14T14:40:07Z

Completed successfully

outputs:
  output/data_properties/data_processed_coltypes.txt  - moderately_sensitive
  output/data_properties/data_processed_skim.txt      - moderately_sensitive
  output/data_properties/data_processed_tabulate.txt  - moderately_sensitive