2022-01-14T14:39:12.546181600Z -- Attaching packages --------------------------------------- tidyverse 1.3.0 --
2022-01-14T14:39:12.553296500Z v ggplot2 3.3.2     v purrr   0.3.4
2022-01-14T14:39:12.553344000Z v tibble  3.0.3     v dplyr   1.0.2
2022-01-14T14:39:12.553371200Z v tidyr   1.1.2     v stringr 1.4.0
2022-01-14T14:39:12.553397100Z v readr   1.3.1     v forcats 0.5.0
2022-01-14T14:39:12.700982400Z -- Conflicts ------------------------------------------ tidyverse_conflicts() --
2022-01-14T14:39:12.701041800Z x dplyr::filter() masks stats::filter()
2022-01-14T14:39:12.701073400Z x dplyr::lag()    masks stats::lag()
2022-01-14T14:39:12.728548300Z 
2022-01-14T14:39:12.728808200Z Attaching package: 'lubridate'
2022-01-14T14:39:12.728883800Z 
2022-01-14T14:39:12.732276800Z The following objects are masked from 'package:base':
2022-01-14T14:39:12.732338500Z 
2022-01-14T14:39:12.732366900Z     date, intersect, setdiff, union
2022-01-14T14:39:12.732402500Z 
2022-01-14T14:39:12.780016600Z  [1] "covid_vacc_date_1"                    
2022-01-14T14:39:12.780069100Z  [2] "covid_vacc_date_2"                    
2022-01-14T14:39:12.780095600Z  [3] "covid_vacc_date_3"                    
2022-01-14T14:39:12.780121300Z  [4] "covid_vacc_date_4"                    
2022-01-14T14:39:12.780147100Z  [5] "pfizer_date_1"                        
2022-01-14T14:39:12.780172700Z  [6] "pfizer_date_2"                        
2022-01-14T14:39:12.780198000Z  [7] "pfizer_date_3"                        
2022-01-14T14:39:12.780223500Z  [8] "pfizer_date_4"                        
2022-01-14T14:39:12.780249000Z  [9] "astrazeneca_date_1"                   
2022-01-14T14:39:12.780274400Z [10] "astrazeneca_date_2"                   
2022-01-14T14:39:12.780299900Z [11] "astrazeneca_date_3"                   
2022-01-14T14:39:12.780325200Z [12] "astrazeneca_date_4"                   
2022-01-14T14:39:12.780350600Z [13] "moderna_date_1"                       
2022-01-14T14:39:12.780376000Z [14] "moderna_date_2"                       
2022-01-14T14:39:12.780401400Z [15] "moderna_date_3"                       
2022-01-14T14:39:12.780426800Z [16] "moderna_date_4"                       
2022-01-14T14:39:12.780452100Z [17] "chronic_kidney_disease_diagnostic"    
2022-01-14T14:39:12.780477600Z [18] "chronic_kidney_disease_all_stages"    
2022-01-14T14:39:12.780503000Z [19] "chronic_kidney_disease_all_stages_3_5"
2022-01-14T14:39:12.780528300Z [20] "bp_sys_date_measured"                 
2022-01-14T14:39:12.780553800Z [21] "bp_dias_date_measured"                
2022-01-14T14:39:12.780579000Z [22] "immunosuppression_diagnosis_date"     
2022-01-14T14:39:12.780604600Z [23] "immunosuppression_medication_date"    
2022-01-14T14:39:12.780642600Z [24] "sev_mental_ill"                       
2022-01-14T14:39:12.780668800Z [25] "prior_positive_test_date"             
2022-01-14T14:39:12.780694400Z [26] "prior_primary_care_covid_case_date"   
2022-01-14T14:39:12.780719900Z [27] "prior_covidadmitted_date"             
2022-01-14T14:39:12.780745300Z [28] "end_stage_renal"                      
2022-01-14T14:39:12.780770900Z [29] "care_home"                            
2022-01-14T14:39:12.780796300Z [30] "shielded"                             
2022-01-14T14:39:12.780821700Z [31] "hscworker"                            
2022-01-14T14:39:12.780847200Z [32] "age"                                  
2022-01-14T14:39:12.780872700Z [33] "sex"                                  
2022-01-14T14:39:12.780898000Z [34] "bmi"                                  
2022-01-14T14:39:12.780923500Z [35] "smoking_status"                       
2022-01-14T14:39:12.780948900Z [36] "ethnicity_6"                          
2022-01-14T14:39:12.780974100Z [37] "ethnicity_6_sus"                      
2022-01-14T14:39:12.780999400Z [38] "imd"                                  
2022-01-14T14:39:12.781024800Z [39] "region"                               
2022-01-14T14:39:12.781154800Z [40] "asthma"                               
2022-01-14T14:39:12.781202800Z [41] "asplenia"                             
2022-01-14T14:39:12.781246500Z [42] "bp_sys"                               
2022-01-14T14:39:12.781272400Z [43] "bp_dias"                              
2022-01-14T14:39:12.781297900Z [44] "cancer"                               
2022-01-14T14:39:12.781323400Z [45] "haem_cancer"                          
2022-01-14T14:39:12.781352300Z [46] "chd"                                  
2022-01-14T14:39:12.781377900Z [47] "chronic_neuro_dis_inc_sig_learn_dis"  
2022-01-14T14:39:12.781403400Z [48] "chronic_resp_dis"                     
2022-01-14T14:39:12.781428700Z [49] "cld"                                  
2022-01-14T14:39:12.781454300Z [50] "diabetes"                             
2022-01-14T14:39:12.781479800Z [51] "learning_disability"                  
2022-01-14T14:39:12.781505300Z [52] "organ_transplant"                     
2022-01-14T14:39:12.781530600Z [53] "tests_conducted_any"                  
2022-01-14T14:39:12.781555900Z [54] "tests_conducted_positive"             
2022-01-14T14:39:12.781581300Z [55] "patient_id"                           


state: succeeded
docker_image_id: sha256:23899c8faa547d2ac5069f821634c89f2155a15b51fc5996b621799368700a89
job_id: pyfotxonl77vtxsa
run_by_user: epp11
created_at: 2022-01-14T14:38:20Z
completed_at: 2022-01-14T14:39:18Z

Completed successfully

outputs:
  output/data/data_processed.csv  - highly_sensitive
  output/data/data_processed.rds  - highly_sensitive