2022-01-14T14:39:49.383232700Z -- Attaching packages --------------------------------------- tidyverse 1.3.0 --
2022-01-14T14:39:49.408045400Z v ggplot2 3.3.2     v purrr   0.3.4
2022-01-14T14:39:49.408108600Z v tibble  3.0.3     v dplyr   1.0.2
2022-01-14T14:39:49.408144600Z v tidyr   1.1.2     v stringr 1.4.0
2022-01-14T14:39:49.408178500Z v readr   1.3.1     v forcats 0.5.0
2022-01-14T14:39:49.686143700Z -- Conflicts ------------------------------------------ tidyverse_conflicts() --
2022-01-14T14:39:49.686283800Z x dplyr::filter() masks stats::filter()
2022-01-14T14:39:49.686325500Z x dplyr::lag()    masks stats::lag()
2022-01-14T14:39:49.711995600Z here() starts at /workspace
2022-01-14T14:39:49.729666000Z 
2022-01-14T14:39:49.729721600Z Attaching package: 'glue'
2022-01-14T14:39:49.729755800Z 
2022-01-14T14:39:49.731897400Z The following object is masked from 'package:dplyr':
2022-01-14T14:39:49.731973300Z 
2022-01-14T14:39:49.732154300Z     collapse
2022-01-14T14:39:49.732188700Z 
2022-01-14T14:39:52.230352300Z 
2022-01-14T14:39:52.230464500Z Attaching package: 'reshape2'
2022-01-14T14:39:52.230493700Z 
2022-01-14T14:39:52.231630100Z The following object is masked from 'package:tidyr':
2022-01-14T14:39:52.231670000Z 
2022-01-14T14:39:52.231694300Z     smiths
2022-01-14T14:39:52.231721000Z 
2022-01-14T14:40:04.641620400Z Warning message:
2022-01-14T14:40:04.641687200Z Expected 2 pieces. Missing pieces filled with `NA` in 4 rows [29, 62, 67, 71]. 


state: succeeded
docker_image_id: sha256:23899c8faa547d2ac5069f821634c89f2155a15b51fc5996b621799368700a89
job_id: 7vlxhenn754irklq
run_by_user: epp11
created_at: 2022-01-14T14:38:20Z
completed_at: 2022-01-14T14:40:12Z

Completed successfully

outputs:
  output/tables/table1.html           - moderately_sensitive
  output/tables/table1_redacted.html  - moderately_sensitive